arguments: ./main.out
Current dir: /home/alkhasar/università/TANS - Esame
File verbosity level: 9
date       time         ( uptime  ) [ thread name/id ]                   file:line     v| 
2022-02-26 12:59:45.528 (   0.000s) [main thread     ]             loguru.cpp:827   INFO| Logging to 'logs/log.log', mode: 'w', verbosity: 9
2022-02-26 12:59:45.528 (   0.000s) [main thread     ]               main.cpp:35    INFO| Starting PET Montecarlo simulation
2022-02-26 12:59:45.528 (   0.000s) [main thread     ]               main.cpp:41    INFO| Choosen srand seed: 42
2022-02-26 12:59:45.528 (   0.000s) [main thread     ]         FileWriter.cpp:36    INFO| { FILE WRITER
2022-02-26 12:59:45.528 (   0.000s) [main thread     ]         FileWriter.cpp:37    WARN| .   File Writer Instantiated, should appear only once!
2022-02-26 12:59:45.528 (   0.000s) [main thread     ]         FileWriter.cpp:38    INFO| .   Constructing at 0x560996865678
2022-02-26 12:59:45.528 (   0.000s) [main thread     ]         FileWriter.cpp:42    INFO| .   Opening file: data/simulation/data.dat
2022-02-26 12:59:45.534 (   0.006s) [main thread     ]         FileWriter.cpp:42    INFO| .   Opening file: data/simulation/debug.dat
2022-02-26 12:59:45.549 (   0.020s) [main thread     ]         FileWriter.cpp:36    INFO| } 0.021 s: FILE WRITER
2022-02-26 12:59:45.549 (   0.021s) [main thread     ]       RadioNuclide.cpp:22    INFO| { RADIO NUCLIDE
2022-02-26 12:59:45.549 (   0.021s) [main thread     ]       RadioNuclide.cpp:26    INFO| .   Constructing at: 0x560997d88080
2022-02-26 12:59:45.549 (   0.021s) [main thread     ]       RadioNuclide.cpp:30    INFO| .   Activity: 3036624730.879133
2022-02-26 12:59:45.549 (   0.021s) [main thread     ]       RadioNuclide.cpp:34    INFO| .   lambda: 0.000152
2022-02-26 12:59:45.549 (   0.021s) [main thread     ]       RadioNuclide.cpp:38    INFO| .   N_0: 20000000000000.000000
2022-02-26 12:59:45.549 (   0.021s) [main thread     ]       RadioNuclide.cpp:42    INFO| .   tau: 6586.260000
2022-02-26 12:59:45.549 (   0.021s) [main thread     ]       RadioNuclide.cpp:22    INFO| } 0.000 s: RADIO NUCLIDE
2022-02-26 12:59:45.549 (   0.021s) [main thread     ]           Cylinder.cpp:19    INFO| { CYLINDER
2022-02-26 12:59:45.549 (   0.021s) [main thread     ]           Cylinder.cpp:23    INFO| .   Constructing at: 0x560997d88010
2022-02-26 12:59:45.549 (   0.021s) [main thread     ]           Cylinder.cpp:28    INFO| .   Radius: 0.200000
2022-02-26 12:59:45.549 (   0.021s) [main thread     ]           Cylinder.cpp:32    INFO| .   heigth: 5.000000
2022-02-26 12:59:45.549 (   0.021s) [main thread     ]           Cylinder.cpp:19    INFO| } 0.000 s: CYLINDER
2022-02-26 12:59:45.549 (   0.021s) [main thread     ]             Source.cpp:24    INFO| { SOURCE
2022-02-26 12:59:45.549 (   0.021s) [main thread     ]             Source.cpp:27    INFO| .   Constructing at: 0x560997d87fa0
2022-02-26 12:59:45.549 (   0.021s) [main thread     ]             Source.cpp:31    INFO| .   shape: 0x560997d88010
2022-02-26 12:59:45.549 (   0.021s) [main thread     ]             Source.cpp:35    INFO| .   radionuclide: 0x560997d88080
2022-02-26 12:59:45.549 (   0.021s) [main thread     ]             Source.cpp:24    INFO| } 0.000 s: SOURCE
2022-02-26 12:59:45.549 (   0.021s) [main thread     ]       DetectorRing.cpp:14    INFO| { DETECTOR RING
2022-02-26 12:59:45.549 (   0.021s) [main thread     ]       DetectorRing.cpp:17    INFO| .   Constructing at: 0x560997d89020
2022-02-26 12:59:45.549 (   0.021s) [main thread     ]       DetectorRing.cpp:21    INFO| .   Delta Omega: 0.785398rad
2022-02-26 12:59:45.549 (   0.021s) [main thread     ]       DetectorRing.cpp:24    INFO| .   Detectors width: 3.000000m
2022-02-26 12:59:45.549 (   0.021s) [main thread     ]       DetectorRing.cpp:27    INFO| .   Detectors center distance from origin: 1.000000m
2022-02-26 12:59:45.550 (   0.021s) [main thread     ]       DetectorRing.cpp:30    INFO| .   Number of detectors: 8
2022-02-26 12:59:45.550 (   0.021s) [main thread     ]       DetectorRing.cpp:33    INFO| .   Detectors height: 0.828427m
2022-02-26 12:59:45.550 (   0.021s) [main thread     ]       DetectorRing.cpp:14    INFO| } 0.000 s: DETECTOR RING
2022-02-26 12:59:45.550 (   0.021s) [main thread     ]               main.cpp:68    INFO| { SIMULATION
2022-02-26 12:59:45.550 (   0.021s) [main thread     ]             Source.cpp:83    WARN| .   Number of decays in 0.000100s is 303662
2022-02-26 12:59:47.692 (   2.164s) [main thread     ]             Source.cpp:83    WARN| .   Number of decays in 0.000100s is 303662
2022-02-26 12:59:49.998 (   4.469s) [main thread     ]             Source.cpp:83    WARN| .   Number of decays in 0.000100s is 303662
2022-02-26 12:59:52.305 (   6.777s) [main thread     ]             Source.cpp:83    WARN| .   Number of decays in 0.000100s is 303662
2022-02-26 12:59:55.127 (   9.598s) [main thread     ]             Source.cpp:83    WARN| .   Number of decays in 0.000100s is 303662
2022-02-26 12:59:58.063 (  12.534s) [main thread     ]             Source.cpp:83    WARN| .   Number of decays in 0.000100s is 303662
2022-02-26 13:00:01.305 (  15.776s) [main thread     ]             Source.cpp:83    WARN| .   Number of decays in 0.000100s is 303662
2022-02-26 13:00:04.770 (  19.242s) [main thread     ]             Source.cpp:83    WARN| .   Number of decays in 0.000100s is 303662
2022-02-26 13:00:07.721 (  22.192s) [main thread     ]             Source.cpp:83    WARN| .   Number of decays in 0.000100s is 303662
2022-02-26 13:00:10.373 (  24.845s) [main thread     ]             Source.cpp:83    WARN| .   Number of decays in 0.000100s is 303662
2022-02-26 13:00:12.993 (  27.465s) [main thread     ]               main.cpp:115   INFO| .   Total number of decayed nuclei: 3036620
2022-02-26 13:00:12.993 (  27.465s) [main thread     ]               main.cpp:116   INFO| .   Number of detected photons: 4086283
2022-02-26 13:00:12.993 (  27.465s) [main thread     ]               main.cpp:68    INFO| } 27.444 s: SIMULATION
2022-02-26 13:00:12.993 (  27.465s) [main thread     ]       DetectorRing.cpp:46    INFO| Destroying detectors ring 0x560997d89020
2022-02-26 13:00:12.993 (  27.465s) [main thread     ]             Source.cpp:61    INFO| Destroying Source Object 0x560997d87fa0
2022-02-26 13:00:12.993 (  27.465s) [main thread     ]           Cylinder.cpp:53    INFO| Destroying cylinder 0x560997d88010
2022-02-26 13:00:12.993 (  27.465s) [main thread     ]              Shape.cpp:15    INFO| Destroying shape 0x560997d88010
2022-02-26 13:00:12.993 (  27.465s) [main thread     ]       RadioNuclide.cpp:50    INFO| Destroying RadioNuclide 0x560997d88080
2022-02-26 13:00:12.993 (  27.465s) [main thread     ]         FileWriter.cpp:23    INFO| Destroying file writer 0x560996865678
2022-02-26 13:00:13.495 (  27.966s) [main thread     ]             loguru.cpp:523   INFO| atexit
